12/04/2021 - 19:28:14= --------------------
Processamento iniciado
12/04/2021 - 19:28:14= Reprocessando a partir de 01/02/2021

12/04/2021 - 19:28:14= Registro atualizado: valor calculado= 58,000, valor encontrado= 548,000
 Atualizado 001estoque0221, produto= 436, cod= 994
12/04/2021 - 19:28:14= Registro atualizado: valor calculado= 57,000, valor encontrado= 547,000
 Atualizado 001estoque0221, produto= 436, cod= 995
12/04/2021 - 19:28:14= Registro atualizado: valor calculado= 56,000, valor encontrado= 546,000
 Atualizado 001estoque0221, produto= 436, cod= 1263
12/04/2021 - 19:28:14= Registro atualizado: valor calculado= 55,000, valor encontrado= 545,000
 Atualizado 001estoque0221, produto= 436, cod= 1264
12/04/2021 - 19:28:14= Registro atualizado: valor calculado= 54,000, valor encontrado= 544,000
 Atualizado 001estoque0221, produto= 436, cod= 1466
12/04/2021 - 19:28:14= Registro atualizado: valor calculado= 53,000, valor encontrado= 543,000
 Atualizado 001estoque0221, produto= 436, cod= 1473
12/04/2021 - 19:28:14= Registro atualizado: valor calculado= 52,000, valor encontrado= 542,000
 Atualizado 001estoque0221, produto= 436, cod= 2148
12/04/2021 - 19:28:14= Registro atualizado: valor calculado= 49,000, valor encontrado= 539,000
 Atualizado 001estoque0221, produto= 436, cod= 2220
12/04/2021 - 19:28:14= Registro atualizado: valor calculado= 44,000, valor encontrado= 534,000
 Atualizado 001estoque0221, produto= 436, cod= 2222
12/04/2021 - 19:28:14= Registro atualizado: valor calculado= 43,000, valor encontrado= 533,000
 Atualizado 001estoque0221, produto= 436, cod= 3490
12/04/2021 - 19:28:14= Registro atualizado: valor calculado= 63,000, valor encontrado= 553,000
 Atualizado 001estoque0221, produto= 436, cod= 3554
12/04/2021 - 19:28:15= Registro atualizado: valor calculado= 62,000, valor encontrado= 552,000
 Atualizado 001estoque0221, produto= 436, cod= 4568
12/04/2021 - 19:28:15= Registro atualizado: valor calculado= 61,000, valor encontrado= 551,000
 Atualizado 001estoque0221, produto= 436, cod= 4569
12/04/2021 - 19:28:15= Registro atualizado: valor calculado= 60,000, valor encontrado= 550,000
 Atualizado 001estoque0221, produto= 436, cod= 4570
12/04/2021 - 19:28:15= Registro atualizado: valor calculado= 59,000, valor encontrado= 549,000
 Atualizado 001estoque0221, produto= 436, cod= 4571
12/04/2021 - 19:28:15= Registro atualizado: valor calculado= 58,000, valor encontrado= 548,000
 Atualizado 001estoque0221, produto= 436, cod= 4679
12/04/2021 - 19:28:15= Registro atualizado: valor calculado= 57,000, valor encontrado= 547,000
 Atualizado 001estoque0221, produto= 436, cod= 4680
12/04/2021 - 19:28:15= Registro atualizado: valor calculado= 56,000, valor encontrado= 546,000
 Atualizado 001estoque0221, produto= 436, cod= 4681
12/04/2021 - 19:28:15= Registro atualizado: valor calculado= 55,000, valor encontrado= 545,000
 Atualizado 001estoque0221, produto= 436, cod= 4682
12/04/2021 - 19:28:15= Registro atualizado: valor calculado= 54,000, valor encontrado= 544,000
 Atualizado 001estoque0221, produto= 436, cod= 5224
12/04/2021 - 19:28:15= Registro atualizado: valor calculado= 53,000, valor encontrado= 543,000
 Atualizado 001estoque0221, produto= 436, cod= 5225
12/04/2021 - 19:28:15= Registro atualizado: valor calculado= 52,000, valor encontrado= 542,000
 Atualizado 001estoque0221, produto= 436, cod= 5226
12/04/2021 - 19:28:15= Registro atualizado: valor calculado= 51,000, valor encontrado= 541,000
 Atualizado 001estoque0221, produto= 436, cod= 5227
12/04/2021 - 19:28:15= Registro atualizado: valor calculado= 50,000, valor encontrado= 540,000
 Atualizado 001estoque0221, produto= 436, cod= 5228
12/04/2021 - 19:28:15= Registro atualizado: valor calculado= 49,000, valor encontrado= 539,000
 Atualizado 001estoque0221, produto= 436, cod= 5231
12/04/2021 - 19:28:15= Registro atualizado: valor calculado= 48,000, valor encontrado= 538,000
 Atualizado 001estoque0221, produto= 436, cod= 5451
12/04/2021 - 19:28:15= Registro atualizado: valor calculado= 47,000, valor encontrado= 537,000
 Atualizado 001estoque0221, produto= 436, cod= 5908
12/04/2021 - 19:28:15= Registro atualizado: valor calculado= 46,000, valor encontrado= 536,000
 Atualizado 001estoque0221, produto= 436, cod= 5909
12/04/2021 - 19:28:15= Registro atualizado: valor calculado= 246,000, valor encontrado= 736,000
 Atualizado 001estoque0221, produto= 436, cod= 6090
12/04/2021 - 19:28:15= Registro atualizado: valor calculado= 126,000, valor encontrado= 616,000
 Atualizado 001estoque0221, produto= 436, cod= 6163
12/04/2021 - 19:28:15= Registro atualizado: valor calculado= 246,000, valor encontrado= 736,000
 Atualizado 001estoque0221, produto= 436, cod= 6184
12/04/2021 - 19:28:15= Registro atualizado: valor calculado= 46,000, valor encontrado= 536,000
 Atualizado 001estoque0221, produto= 436, cod= 6237
12/04/2021 - 19:28:15= Registro atualizado: valor calculado= 246,000, valor encontrado= 736,000
 Atualizado 001estoque0221, produto= 436, cod= 6297
12/04/2021 - 19:28:15= Registro atualizado: valor calculado= 46,000, valor encontrado= 536,000
 Atualizado 001estoque0221, produto= 436, cod= 6711
12/04/2021 - 19:28:15= Registro atualizado: valor calculado= 45,000, valor encontrado= 535,000
 Atualizado 001estoque0221, produto= 436, cod= 7021
12/04/2021 - 19:28:15= Registro atualizado: valor calculado= 44,000, valor encontrado= 534,000
 Atualizado 001estoque0221, produto= 436, cod= 7024
12/04/2021 - 19:28:15= Registro atualizado: valor calculado= -76,000, valor encontrado= 414,000
 Atualizado 001estoque0221, produto= 436, cod= 7081
12/04/2021 - 19:28:15= Registro atualizado: valor calculado= 44,000, valor encontrado= 534,000
 Atualizado 001estoque0221, produto= 436, cod= 7086
12/04/2021 - 19:28:15= Registro atualizado: valor calculado= 244,000, valor encontrado= 734,000
 Atualizado 001estoque0221, produto= 436, cod= 7140
12/04/2021 - 19:28:15= Registro atualizado: valor calculado= 243,000, valor encontrado= 733,000
 Atualizado 001estoque0221, produto= 436, cod= 7196
12/04/2021 - 19:28:15= Registro atualizado: valor calculado= 242,000, valor encontrado= 732,000
 Atualizado 001estoque0221, produto= 436, cod= 7198
12/04/2021 - 19:28:16= Registro atualizado: valor calculado= 241,000, valor encontrado= 731,000
 Atualizado 001estoque0221, produto= 436, cod= 7872
12/04/2021 - 19:28:16= Registro atualizado: valor calculado= 240,000, valor encontrado= 730,000
 Atualizado 001estoque0221, produto= 436, cod= 7873
12/04/2021 - 19:28:16= Registro atualizado: valor calculado= 239,000, valor encontrado= 729,000
 Atualizado 001estoque0221, produto= 436, cod= 7876
12/04/2021 - 19:28:16= Registro atualizado: valor calculado= 238,000, valor encontrado= 728,000
 Atualizado 001estoque0221, produto= 436, cod= 7933
12/04/2021 - 19:28:16= Registro atualizado: valor calculado= 237,000, valor encontrado= 727,000
 Atualizado 001estoque0221, produto= 436, cod= 8007
12/04/2021 - 19:28:16= Registro atualizado: valor calculado= 236,000, valor encontrado= 726,000
 Atualizado 001estoque0221, produto= 436, cod= 8561
12/04/2021 - 19:28:16= Registro atualizado: valor calculado= 235,000, valor encontrado= 725,000
 Atualizado 001estoque0221, produto= 436, cod= 8603
12/04/2021 - 19:28:16= Registro atualizado: valor calculado= 234,000, valor encontrado= 724,000
 Atualizado 001estoque0221, produto= 436, cod= 8672
12/04/2021 - 19:28:16= Registro atualizado: valor calculado= 233,000, valor encontrado= 723,000
 Atualizado 001estoque0221, produto= 436, cod= 9087
12/04/2021 - 19:28:16= Registro atualizado: valor calculado= 232,000, valor encontrado= 722,000
 Atualizado 001estoque0221, produto= 436, cod= 9118
12/04/2021 - 19:28:16= Registro atualizado: valor calculado= 231,000, valor encontrado= 721,000
 Atualizado 001estoque0221, produto= 436, cod= 9705
12/04/2021 - 19:28:16= Registro atualizado: valor calculado= 230,000, valor encontrado= 720,000
 Atualizado 001estoque0221, produto= 436, cod= 9712
12/04/2021 - 19:28:16= Registro atualizado: valor calculado= 229,000, valor encontrado= 719,000
 Atualizado 001estoque0221, produto= 436, cod= 9713
12/04/2021 - 19:28:16= Registro atualizado: valor calculado= 228,000, valor encontrado= 718,000
 Atualizado 001estoque0221, produto= 436, cod= 9714
12/04/2021 - 19:28:16= Registro atualizado: valor calculado= 227,000, valor encontrado= 717,000
 Atualizado 001estoque0221, produto= 436, cod= 9715
12/04/2021 - 19:28:16= Registro atualizado: valor calculado= 226,000, valor encontrado= 716,000
 Atualizado 001estoque0221, produto= 436, cod= 9716
12/04/2021 - 19:28:16= Registro atualizado: valor calculado= 225,000, valor encontrado= 715,000
 Atualizado 001estoque0221, produto= 436, cod= 9965
12/04/2021 - 19:28:16= Registro atualizado: valor calculado= 224,000, valor encontrado= 714,000
 Atualizado 001estoque0221, produto= 436, cod= 10209
12/04/2021 - 19:28:16= Registro atualizado: valor calculado= 223,000, valor encontrado= 713,000
 Atualizado 001estoque0221, produto= 436, cod= 10484
12/04/2021 - 19:28:16= Registro atualizado: valor calculado= 222,000, valor encontrado= 712,000
 Atualizado 001estoque0221, produto= 436, cod= 10887
12/04/2021 - 19:28:16= Registro atualizado: valor calculado= 221,000, valor encontrado= 711,000
 Atualizado 001estoque0221, produto= 436, cod= 12032
12/04/2021 - 19:28:16= Registro atualizado: valor calculado= 201,000, valor encontrado= 691,000
 Atualizado 001estoque0221, produto= 436, cod= 12697
12/04/2021 - 19:28:16= Registro atualizado: valor calculado= 200,000, valor encontrado= 690,000
 Atualizado 001estoque0221, produto= 436, cod= 13536
12/04/2021 - 19:28:16= Registro atualizado: valor calculado= 199,000, valor encontrado= 689,000
 Atualizado 001estoque0221, produto= 436, cod= 13537
12/04/2021 - 19:28:16= Registro atualizado: valor calculado= 198,000, valor encontrado= 688,000
 Atualizado 001estoque0221, produto= 436, cod= 14713
12/04/2021 - 19:28:16= Registro atualizado: valor calculado= 197,000, valor encontrado= 687,000
 Atualizado 001estoque0221, produto= 436, cod= 14788
12/04/2021 - 19:28:16= Registro atualizado: valor calculado= 196,000, valor encontrado= 686,000
 Atualizado 001estoque0221, produto= 436, cod= 14789
12/04/2021 - 19:28:16= Registro atualizado: valor calculado= 195,000, valor encontrado= 685,000
 Atualizado 001estoque0221, produto= 436, cod= 14790
12/04/2021 - 19:28:16= Registro atualizado: valor calculado= 194,000, valor encontrado= 684,000
 Atualizado 001estoque0221, produto= 436, cod= 15107
12/04/2021 - 19:28:16= Registro atualizado: valor calculado= 193,000, valor encontrado= 683,000
 Atualizado 001estoque0221, produto= 436, cod= 15264
12/04/2021 - 19:28:17= Registro atualizado: valor calculado= 192,000, valor encontrado= 682,000
 Atualizado 001estoque0221, produto= 436, cod= 15265
12/04/2021 - 19:28:17= Registro atualizado: valor calculado= 193,000, valor encontrado= 683,000
 Atualizado 001estoque0221, produto= 436, cod= 15268
12/04/2021 - 19:28:17= Registro atualizado: valor calculado= 192,000, valor encontrado= 682,000
 Atualizado 001estoque0221, produto= 436, cod= 15858
12/04/2021 - 19:28:17= Registro atualizado: valor calculado= 191,000, valor encontrado= 681,000
 Atualizado 001estoque0221, produto= 436, cod= 16231
12/04/2021 - 19:28:17= Registro atualizado: valor calculado= 190,000, valor encontrado= 680,000
 Atualizado 001estoque0221, produto= 436, cod= 17601
12/04/2021 - 19:28:17= Registro atualizado: valor calculado= 189,000, valor encontrado= 679,000
 Atualizado 001estoque0221, produto= 436, cod= 17602
12/04/2021 - 19:28:17= Registro atualizado: valor calculado= 188,000, valor encontrado= 678,000
 Atualizado 001estoque0221, produto= 436, cod= 17603
12/04/2021 - 19:28:17= Registro atualizado: valor calculado= 187,000, valor encontrado= 677,000
 Atualizado 001estoque0221, produto= 436, cod= 17604
12/04/2021 - 19:28:17= Registro atualizado: valor calculado= 186,000, valor encontrado= 676,000
 Atualizado 001estoque0221, produto= 436, cod= 17605
12/04/2021 - 19:28:17= Registro atualizado: valor calculado= 185,000, valor encontrado= 675,000
 Atualizado 001estoque0221, produto= 436, cod= 17606
12/04/2021 - 19:28:17= Registro atualizado: valor calculado= 184,000, valor encontrado= 674,000
 Atualizado 001estoque0221, produto= 436, cod= 17642
12/04/2021 - 19:28:17= Registro atualizado: valor calculado= 183,000, valor encontrado= 673,000
 Atualizado 001estoque0221, produto= 436, cod= 17997
12/04/2021 - 19:28:17= Registro atualizado: valor calculado= 182,000, valor encontrado= 672,000
 Atualizado 001estoque0221, produto= 436, cod= 18235
12/04/2021 - 19:28:17= Registro atualizado: valor calculado= 181,000, valor encontrado= 671,000
 Atualizado 001estoque0221, produto= 436, cod= 18238
12/04/2021 - 19:28:17= Registro atualizado: valor calculado= 180,000, valor encontrado= 670,000
 Atualizado 001estoque0221, produto= 436, cod= 18408
12/04/2021 - 19:28:17= Registro atualizado: valor calculado= 179,000, valor encontrado= 669,000
 Atualizado 001estoque0221, produto= 436, cod= 18571
12/04/2021 - 19:28:17= Registro atualizado: valor calculado= 178,000, valor encontrado= 668,000
 Atualizado 001estoque0221, produto= 436, cod= 18576
12/04/2021 - 19:28:17= Registro atualizado: valor calculado= 177,000, valor encontrado= 667,000
 Atualizado 001estoque0221, produto= 436, cod= 21119
12/04/2021 - 19:28:17= Registro atualizado: valor calculado= 176,000, valor encontrado= 666,000
 Atualizado 001estoque0221, produto= 436, cod= 21840
12/04/2021 - 19:28:17= Registro atualizado: valor calculado= 175,000, valor encontrado= 665,000
 Atualizado 001estoque0221, produto= 436, cod= 21842
12/04/2021 - 19:28:17= Registro atualizado: valor calculado= 174,000, valor encontrado= 664,000
 Atualizado 001estoque0221, produto= 436, cod= 21844
12/04/2021 - 19:28:17= Registro atualizado: valor calculado= 173,000, valor encontrado= 663,000
 Atualizado 001estoque0221, produto= 436, cod= 21845
12/04/2021 - 19:28:17= Registro atualizado: valor calculado= 172,000, valor encontrado= 662,000
 Atualizado 001estoque0221, produto= 436, cod= 21847
12/04/2021 - 19:28:17= Registro atualizado: valor calculado= 171,000, valor encontrado= 661,000
 Atualizado 001estoque0221, produto= 436, cod= 21849
12/04/2021 - 19:28:17= Registro atualizado: valor calculado= 170,000, valor encontrado= 660,000
 Atualizado 001estoque0221, produto= 436, cod= 22561
12/04/2021 - 19:28:17= Registro atualizado: valor calculado= 290,000, valor encontrado= 780,000
 Atualizado 001estoque0221, produto= 436, cod= 23761
12/04/2021 - 19:28:17= Registro atualizado: valor calculado= 289,000, valor encontrado= 779,000
 Atualizado 001estoque0221, produto= 436, cod= 23762
12/04/2021 - 19:28:17= Registro atualizado: valor calculado= 284,000, valor encontrado= 774,000
 Atualizado 001estoque0221, produto= 436, cod= 25138
12/04/2021 - 19:28:17= Registro atualizado: valor calculado= 283,000, valor encontrado= 773,000
 Atualizado 001estoque0221, produto= 436, cod= 42312
12/04/2021 - 19:28:17= Registro atualizado: valor calculado= 282,000, valor encontrado= 772,000
 Atualizado 001estoque0221, produto= 436, cod= 42814
12/04/2021 - 19:28:22= Estoque atualizado do produto: 436 atualizado para -41,000
12/04/2021 - 19:28:22= Processamento finalizado.
Registros atualizados= 101
